[2025-05-15T16:34:49.159Z] [SECTION] 
=============================
  SINGLE SITE SCRAPING TEST  
=============================

[2025-05-15T16:34:49.161Z] [INFO] Testing scraping for site: Axios Dallas (https://www.axios.com/local/dallas/news)
[2025-05-15T16:34:49.161Z] [INFO] Initializing browser (headless: true)...
[2025-05-15T16:34:51.230Z] [INFO] Looking for articles newer than 2023-01-01
[2025-05-15T16:34:51.231Z] [INFO] Starting site scrape...
[2025-05-15T16:34:51.232Z] [SECTION] 
====================================
  Starting scrape for Axios Dallas  
====================================

[2025-05-15T16:34:51.233Z] [INFO] Only processing articles newer than 2023-01-01
[2025-05-15T16:35:03.931Z] [INFO] Waiting for content to initialize...
[2025-05-15T16:35:06.956Z] [INFO] Checking initial number of article links...
[2025-05-15T16:35:07.115Z] [STATS] Initial article count: 18
[2025-05-15T16:35:07.116Z] [INFO] Starting sequential load more process...
[2025-05-15T16:35:07.307Z] [INFO] Load more attempt 1/100...
[2025-05-15T16:35:07.307Z] [INFO] Scrolling to bottom of page...
[2025-05-15T16:35:10.592Z] [INFO] Found load more button with selector: button:has-text("Show more stories")
[2025-05-15T16:35:10.632Z] [INFO] Clicking "load more" button...
[2025-05-15T16:35:15.793Z] [STATS] Current article count: 18 (previously: 18)
[2025-05-15T16:35:15.794Z] [WARNING] No new articles found (attempt 1/5)
[2025-05-15T16:35:17.794Z] [INFO] Load more attempt 2/100...
[2025-05-15T16:35:17.794Z] [INFO] Scrolling to bottom of page...
[2025-05-15T16:35:20.864Z] [INFO] Found load more button with selector: a:has-text("Next")
[2025-05-15T16:35:20.947Z] [INFO] Clicking "load more" button...
[2025-05-15T16:35:26.549Z] [STATS] Current article count: 23 (previously: 18)
[2025-05-15T16:35:26.549Z] [SUCCESS] Progress! Found 5 new articles
[2025-05-15T16:35:28.550Z] [INFO] Load more attempt 3/100...
[2025-05-15T16:35:28.550Z] [INFO] Scrolling to bottom of page...
[2025-05-15T16:35:31.593Z] [INFO] Found load more button with selector: button:has-text("More stories")
[2025-05-15T16:35:31.632Z] [INFO] Clicking "load more" button...
[2025-05-15T16:35:36.856Z] [STATS] Current article count: 43 (previously: 23)
[2025-05-15T16:35:36.856Z] [SUCCESS] Progress! Found 20 new articles
[2025-05-15T16:35:38.857Z] [INFO] Load more attempt 4/100...
[2025-05-15T16:35:38.857Z] [INFO] Scrolling to bottom of page...
[2025-05-15T16:35:41.897Z] [INFO] Found load more button with selector: button:has-text("More stories")
[2025-05-15T16:35:41.968Z] [INFO] Clicking "load more" button...
[2025-05-15T16:35:47.233Z] [STATS] Current article count: 63 (previously: 43)
[2025-05-15T16:35:47.234Z] [SUCCESS] Progress! Found 20 new articles
[2025-05-15T16:35:49.235Z] [INFO] Load more attempt 5/100...
[2025-05-15T16:35:49.235Z] [INFO] Scrolling to bottom of page...
[2025-05-15T16:35:52.269Z] [INFO] Found load more button with selector: button:has-text("More stories")
[2025-05-15T16:35:52.316Z] [INFO] Clicking "load more" button...
[2025-05-15T16:35:57.616Z] [STATS] Current article count: 79 (previously: 63)
[2025-05-15T16:35:57.616Z] [SUCCESS] Progress! Found 16 new articles
[2025-05-15T16:35:59.617Z] [INFO] Load more attempt 6/100...
[2025-05-15T16:35:59.617Z] [INFO] Scrolling to bottom of page...
[2025-05-15T16:36:02.889Z] [INFO] Found load more button with selector: button:has-text("More stories")
[2025-05-15T16:36:02.928Z] [INFO] Clicking "load more" button...
[2025-05-15T16:36:08.226Z] [STATS] Current article count: 99 (previously: 79)
[2025-05-15T16:36:08.226Z] [SUCCESS] Progress! Found 20 new articles
[2025-05-15T16:36:10.226Z] [INFO] Load more attempt 7/100...
[2025-05-15T16:36:10.226Z] [INFO] Scrolling to bottom of page...
[2025-05-15T16:36:13.262Z] [INFO] Found load more button with selector: button:has-text("More stories")
[2025-05-15T16:36:13.314Z] [INFO] Clicking "load more" button...
[2025-05-15T16:36:18.610Z] [STATS] Current article count: 103 (previously: 99)
[2025-05-15T16:36:18.611Z] [SUCCESS] Progress! Found 4 new articles
[2025-05-15T16:36:20.611Z] [INFO] Load more attempt 8/100...
[2025-05-15T16:36:20.612Z] [INFO] Scrolling to bottom of page...
[2025-05-15T16:36:23.665Z] [INFO] Found button outside viewport, scrolling to it...
[2025-05-15T16:36:24.690Z] [INFO] Found load more button with selector: button:has-text("Next")
[2025-05-15T16:36:24.727Z] [INFO] Clicking "load more" button...
[2025-05-15T16:36:30.058Z] [STATS] Current article count: 103 (previously: 103)
[2025-05-15T16:36:30.058Z] [WARNING] No new articles found (attempt 1/5)
[2025-05-15T16:36:32.058Z] [INFO] Load more attempt 9/100...
[2025-05-15T16:36:32.058Z] [INFO] Scrolling to bottom of page...
[2025-05-15T16:36:35.457Z] [INFO] Found button outside viewport, scrolling to it...
[2025-05-15T16:36:36.723Z] [INFO] Found load more button with selector: button:has-text("Next")
[2025-05-15T16:36:36.778Z] [INFO] Clicking "load more" button...
[2025-05-15T16:36:42.387Z] [STATS] Current article count: 103 (previously: 103)
[2025-05-15T16:36:42.387Z] [WARNING] No new articles found (attempt 2/5)
[2025-05-15T16:36:44.390Z] [INFO] Scrolling to bottom of page...
[2025-05-15T16:36:44.389Z] [INFO] Load more attempt 10/100...
[2025-05-15T16:36:47.435Z] [INFO] Found button outside viewport, scrolling to it...
[2025-05-15T16:36:48.458Z] [INFO] Found load more button with selector: button:has-text("Next")
[2025-05-15T16:36:48.510Z] [INFO] Clicking "load more" button...
[2025-05-15T16:36:53.764Z] [STATS] Current article count: 103 (previously: 103)
[2025-05-15T16:36:53.764Z] [WARNING] No new articles found (attempt 3/5)
[2025-05-15T16:36:55.765Z] [INFO] Load more attempt 11/100...
[2025-05-15T16:36:55.765Z] [INFO] Scrolling to bottom of page...
[2025-05-15T16:36:59.045Z] [INFO] Found button outside viewport, scrolling to it...
[2025-05-15T16:37:00.058Z] [INFO] Found load more button with selector: button:has-text("Next")
[2025-05-15T16:37:00.109Z] [INFO] Clicking "load more" button...
[2025-05-15T16:37:05.364Z] [STATS] Current article count: 103 (previously: 103)
[2025-05-15T16:37:05.364Z] [WARNING] No new articles found (attempt 4/5)
[2025-05-15T16:37:07.365Z] [INFO] Load more attempt 12/100...
[2025-05-15T16:37:07.365Z] [INFO] Scrolling to bottom of page...
[2025-05-15T16:37:10.420Z] [INFO] Found button outside viewport, scrolling to it...
[2025-05-15T16:37:11.438Z] [INFO] Found load more button with selector: button:has-text("Next")
[2025-05-15T16:37:11.497Z] [INFO] Clicking "load more" button...
[2025-05-15T16:37:16.736Z] [STATS] Current article count: 103 (previously: 103)
[2025-05-15T16:37:16.737Z] [WARNING] No new articles found (attempt 5/5)
[2025-05-15T16:37:16.737Z] [WARNING] Reached maximum attempts without progress, stopping load more process
[2025-05-15T16:37:16.737Z] [STATS] Load more process complete. Clicked 12 load more buttons.
[2025-05-15T16:37:16.737Z] [INFO] Saving final page state for analysis...
[2025-05-15T16:37:16.959Z] [INFO] Collecting articles with multiple selectors...
[2025-05-15T16:37:16.959Z] [INFO] Trying selector: a[href*="/2025/"]:not([href*="membership"])
[2025-05-15T16:37:16.972Z] [STATS] Found 51 items with selector: a[href*="/2025/"]:not([href*="membership"])
[2025-05-15T16:37:16.972Z] [INFO] Trying selector: a[href*="/2024/"]:not([href*="membership"])
[2025-05-15T16:37:16.976Z] [STATS] Found 1 items with selector: a[href*="/2024/"]:not([href*="membership"])
[2025-05-15T16:37:16.976Z] [INFO] Trying selector: a[href*="/2023/"]:not([href*="membership"])
[2025-05-15T16:37:16.979Z] [STATS] Found 0 items with selector: a[href*="/2023/"]:not([href*="membership"])
[2025-05-15T16:37:16.979Z] [INFO] Trying selector: a[href*="/2022/"]:not([href*="membership"])
[2025-05-15T16:37:16.983Z] [STATS] Found 1 items with selector: a[href*="/2022/"]:not([href*="membership"])
[2025-05-15T16:37:16.983Z] [INFO] Trying selector: a[href*="/2021/"]:not([href*="membership"])
[2025-05-15T16:37:16.986Z] [STATS] Found 0 items with selector: a[href*="/2021/"]:not([href*="membership"])
[2025-05-15T16:37:16.987Z] [INFO] Trying selector: a[href*="/2020/"]:not([href*="membership"])
[2025-05-15T16:37:16.990Z] [STATS] Found 0 items with selector: a[href*="/2020/"]:not([href*="membership"])
[2025-05-15T16:37:16.990Z] [INFO] Trying selector: article a[href*="/local/dallas/20"]
[2025-05-15T16:37:16.995Z] [STATS] Found 0 items with selector: article a[href*="/local/dallas/20"]
[2025-05-15T16:37:16.995Z] [INFO] Trying selector: div[data-cy*="gridContent"] a[href*="/local/dallas/20"]
[2025-05-15T16:37:16.999Z] [STATS] Found 0 items with selector: div[data-cy*="gridContent"] a[href*="/local/dallas/20"]
[2025-05-15T16:37:16.999Z] [INFO] Trying selector: div[data-cy*="collection"] a[href*="/20"]
[2025-05-15T16:37:17.003Z] [STATS] Found 0 items with selector: div[data-cy*="collection"] a[href*="/20"]
[2025-05-15T16:37:17.004Z] [STATS] Found 28 unique articles
[2025-05-15T16:37:17.005Z] [ERROR] Unhandled error in scrape process: articleProcessor.processArticlesBatch is not a function
[2025-05-15T16:37:17.010Z] [INFO] Updated scrape history for https://www.axios.com/local/dallas/news
[2025-05-15T16:37:17.010Z] [SECTION] 
==================
  SCRAPE RESULTS  
==================

[2025-05-15T16:37:17.010Z] [INFO] Success: false
[2025-05-15T16:37:17.010Z] [INFO] Total articles: 28
[2025-05-15T16:37:17.010Z] [INFO] New articles: 0
[2025-05-15T16:37:17.010Z] [ERROR] Error: articleProcessor.processArticlesBatch is not a function
[2025-05-15T16:37:17.010Z] [SUCCESS] Single site scraping test completed
[2025-05-15T16:37:17.011Z] [INFO] Closing browser...
